12/5/2018 8:09:03 PM	This log contains information about the import operation of the script 'Trigger.sql' into project 'AirPortDB' on computer 'WATSON' by user'dackayne.
12/5/2018 8:09:03 PM	Started importing file: d:\Users\dackayne\Desktop\dbo\ScriptTSQL_Build\Trigger.sql 
12/5/2018 8:09:03 PM	File name d:\Users\dackayne\Desktop\dbo\ScriptTSQL_Build\Trigger.sql (size: 11044)
12/5/2018 8:09:03 PM	Parsing import script
12/5/2018 8:09:04 PM	Total number of batches in script: 12
12/5/2018 8:09:04 PM	Total number of statements in script: 12
12/5/2018 8:09:04 PM	The script was successfully imported into the project.
12/5/2018 8:09:04 PM	Analyzing schema objects...
12/5/2018 8:09:04 PM	Scanning project for duplicate elements
12/5/2018 8:09:04 PM	Element 'AutoDateTimeArrival' was merged into the existing script: 'd:\Users\dackayne\Desktop\airportProject\airport\AirPortDB\dbo\Tables\Flight.sql'.
12/5/2018 8:09:04 PM	Element 'AutoAddPeriodicalFlights' was merged into the existing script: 'd:\Users\dackayne\Desktop\airportProject\airport\AirPortDB\dbo\Tables\Flight.sql'.
12/5/2018 8:09:04 PM	Element 'NoMoreThanOneStartEvent' was merged into the existing script: 'd:\Users\dackayne\Desktop\airportProject\airport\AirPortDB\dbo\Tables\Event.sql'.
12/5/2018 8:09:04 PM	Element 'NoMoreThanOneArrivalEvent' was merged into the existing script: 'd:\Users\dackayne\Desktop\airportProject\airport\AirPortDB\dbo\Tables\Event.sql'.
12/5/2018 8:09:04 PM	Element 'NoArriveWithoutStart' was merged into the existing script: 'd:\Users\dackayne\Desktop\airportProject\airport\AirPortDB\dbo\Tables\Event.sql'.
12/5/2018 8:09:04 PM	Element 'StartIsEarlierThanArrive' was merged into the existing script: 'd:\Users\dackayne\Desktop\airportProject\airport\AirPortDB\dbo\Tables\Event.sql'.
12/5/2018 8:09:04 PM	Element 'StatusStart' was merged into the existing script: 'd:\Users\dackayne\Desktop\airportProject\airport\AirPortDB\dbo\Tables\Event.sql'.
12/5/2018 8:09:04 PM	Element 'AutoArrived' was merged into the existing script: 'd:\Users\dackayne\Desktop\airportProject\airport\AirPortDB\dbo\Tables\Event.sql'.
12/5/2018 8:09:04 PM	Element 'NoEventsIfCancelled' was merged into the existing script: 'd:\Users\dackayne\Desktop\airportProject\airport\AirPortDB\dbo\Tables\Event.sql'.
12/5/2018 8:09:04 PM	Element 'NoDelayOrCancellIfStarted' was merged into the existing script: 'd:\Users\dackayne\Desktop\airportProject\airport\AirPortDB\dbo\Tables\UnexpectedEvent.sql'.
12/5/2018 8:09:04 PM	Element 'DelayedOrCalcelled' was merged into the existing script: 'd:\Users\dackayne\Desktop\airportProject\airport\AirPortDB\dbo\Tables\UnexpectedEvent.sql'.
12/5/2018 8:09:04 PM	Element 'DocNumberMatchesToRE' was merged into the existing script: 'd:\Users\dackayne\Desktop\airportProject\airport\AirPortDB\dbo\Tables\Passenger.sql'.
12/5/2018 8:09:04 PM	Finished duplicate element processing
12/5/2018 8:09:04 PM	A summary of the import was saved to the following location: d:\Users\dackayne\Desktop\airportProject\airport\AirPortDB\Import Script Logs\Trigger_sql_20181205060903.log
12/5/2018 8:09:04 PM	Click Finish to continue...
